<?xml version="1.0" encoding="UTF-8"?>
<testsuite xmlns:xsi="http://www.w3.org/2001/XMLSchema-instance" xsi:noNamespaceSchemaLocation="https://maven.apache.org/surefire/maven-surefire-plugin/xsd/surefire-test-report-3.0.xsd" version="3.0" name="com.example.AppTest" time="0.059" tests="1" errors="0" skipped="0" failures="0">
  <properties>
    <property name="sun.desktop" value="windows"/>
    <property name="awt.toolkit" value="sun.awt.windows.WToolkit"/>
    <property name="java.specification.version" value="11"/>
    <property name="sun.cpu.isalist" value="amd64"/>
    <property name="sun.jnu.encoding" value="MS949"/>
    <property name="java.class.path" value="C:\Users\joso9\Desktop\SnapCloud\demo\target\test-classes;C:\Users\joso9\Desktop\SnapCloud\demo\target\classes;C:\Users\joso9\.m2\repository\junit\junit\4.13.2\junit-4.13.2.jar;C:\Users\joso9\.m2\repository\org\hamcrest\hamcrest-core\1.3\hamcrest-core-1.3.jar;C:\Users\joso9\.m2\repository\software\amazon\awssdk\dynamodb\2.20.35\dynamodb-2.20.35.jar;C:\Users\joso9\.m2\repository\software\amazon\awssdk\aws-json-protocol\2.20.35\aws-json-protocol-2.20.35.jar;C:\Users\joso9\.m2\repository\software\amazon\awssdk\third-party-jackson-core\2.20.35\third-party-jackson-core-2.20.35.jar;C:\Users\joso9\.m2\repository\software\amazon\awssdk\protocol-core\2.20.35\protocol-core-2.20.35.jar;C:\Users\joso9\.m2\repository\software\amazon\awssdk\profiles\2.20.35\profiles-2.20.35.jar;C:\Users\joso9\.m2\repository\software\amazon\awssdk\sdk-core\2.20.35\sdk-core-2.20.35.jar;C:\Users\joso9\.m2\repository\org\slf4j\slf4j-api\1.7.30\slf4j-api-1.7.30.jar;C:\Users\joso9\.m2\repository\org\reactivestreams\reactive-streams\1.0.3\reactive-streams-1.0.3.jar;C:\Users\joso9\.m2\repository\software\amazon\awssdk\auth\2.20.35\auth-2.20.35.jar;C:\Users\joso9\.m2\repository\software\amazon\eventstream\eventstream\1.0.1\eventstream-1.0.1.jar;C:\Users\joso9\.m2\repository\software\amazon\awssdk\http-client-spi\2.20.35\http-client-spi-2.20.35.jar;C:\Users\joso9\.m2\repository\software\amazon\awssdk\regions\2.20.35\regions-2.20.35.jar;C:\Users\joso9\.m2\repository\software\amazon\awssdk\annotations\2.20.35\annotations-2.20.35.jar;C:\Users\joso9\.m2\repository\software\amazon\awssdk\utils\2.20.35\utils-2.20.35.jar;C:\Users\joso9\.m2\repository\software\amazon\awssdk\aws-core\2.20.35\aws-core-2.20.35.jar;C:\Users\joso9\.m2\repository\software\amazon\awssdk\metrics-spi\2.20.35\metrics-spi-2.20.35.jar;C:\Users\joso9\.m2\repository\software\amazon\awssdk\json-utils\2.20.35\json-utils-2.20.35.jar;C:\Users\joso9\.m2\repository\software\amazon\awssdk\endpoints-spi\2.20.35\endpoints-spi-2.20.35.jar;C:\Users\joso9\.m2\repository\software\amazon\awssdk\apache-client\2.20.35\apache-client-2.20.35.jar;C:\Users\joso9\.m2\repository\org\apache\httpcomponents\httpclient\4.5.13\httpclient-4.5.13.jar;C:\Users\joso9\.m2\repository\commons-logging\commons-logging\1.2\commons-logging-1.2.jar;C:\Users\joso9\.m2\repository\org\apache\httpcomponents\httpcore\4.4.13\httpcore-4.4.13.jar;C:\Users\joso9\.m2\repository\commons-codec\commons-codec\1.15\commons-codec-1.15.jar;C:\Users\joso9\.m2\repository\software\amazon\awssdk\netty-nio-client\2.20.35\netty-nio-client-2.20.35.jar;C:\Users\joso9\.m2\repository\io\netty\netty-codec-http\4.1.86.Final\netty-codec-http-4.1.86.Final.jar;C:\Users\joso9\.m2\repository\io\netty\netty-codec-http2\4.1.86.Final\netty-codec-http2-4.1.86.Final.jar;C:\Users\joso9\.m2\repository\io\netty\netty-codec\4.1.86.Final\netty-codec-4.1.86.Final.jar;C:\Users\joso9\.m2\repository\io\netty\netty-transport\4.1.86.Final\netty-transport-4.1.86.Final.jar;C:\Users\joso9\.m2\repository\io\netty\netty-resolver\4.1.86.Final\netty-resolver-4.1.86.Final.jar;C:\Users\joso9\.m2\repository\io\netty\netty-common\4.1.86.Final\netty-common-4.1.86.Final.jar;C:\Users\joso9\.m2\repository\io\netty\netty-buffer\4.1.86.Final\netty-buffer-4.1.86.Final.jar;C:\Users\joso9\.m2\repository\io\netty\netty-handler\4.1.86.Final\netty-handler-4.1.86.Final.jar;C:\Users\joso9\.m2\repository\io\netty\netty-transport-native-unix-common\4.1.86.Final\netty-transport-native-unix-common-4.1.86.Final.jar;C:\Users\joso9\.m2\repository\io\netty\netty-transport-classes-epoll\4.1.86.Final\netty-transport-classes-epoll-4.1.86.Final.jar;C:\Users\joso9\.m2\repository\com\amazonaws\aws-lambda-java-core\1.2.3\aws-lambda-java-core-1.2.3.jar;C:\Users\joso9\.m2\repository\com\amazonaws\aws-lambda-java-events\3.11.0\aws-lambda-java-events-3.11.0.jar;C:\Users\joso9\.m2\repository\joda-time\joda-time\2.6\joda-time-2.6.jar;C:\Users\joso9\.m2\repository\com\amazonaws\aws-lambda-java-log4j2\1.5.0\aws-lambda-java-log4j2-1.5.0.jar;C:\Users\joso9\.m2\repository\org\apache\logging\log4j\log4j-core\2.17.0\log4j-core-2.17.0.jar;C:\Users\joso9\.m2\repository\org\apache\logging\log4j\log4j-api\2.17.0\log4j-api-2.17.0.jar;C:\Users\joso9\.m2\repository\com\google\code\gson\gson\2.10.1\gson-2.10.1.jar;"/>
    <property name="java.vm.vendor" value="Amazon.com Inc."/>
    <property name="sun.arch.data.model" value="64"/>
    <property name="user.variant" value=""/>
    <property name="java.vendor.url" value="https://aws.amazon.com/corretto/"/>
    <property name="user.timezone" value="Asia/Seoul"/>
    <property name="java.vm.specification.version" value="11"/>
    <property name="os.name" value="Windows 11"/>
    <property name="sun.java.launcher" value="SUN_STANDARD"/>
    <property name="user.country" value="KR"/>
    <property name="sun.boot.library.path" value="C:\Program Files\Amazon Corretto\jdk11.0.28_6\bin"/>
    <property name="sun.java.command" value="C:\Users\joso9\AppData\Local\Temp\surefire5496778027184800345\surefirebooter-20250924232929660_3.jar C:\Users\joso9\AppData\Local\Temp\surefire5496778027184800345 2025-09-24T23-29-29_349-jvmRun1 surefire-20250924232929660_1tmp surefire_0-20250924232929660_2tmp"/>
    <property name="jdk.debug" value="release"/>
    <property name="surefire.test.class.path" value="C:\Users\joso9\Desktop\SnapCloud\demo\target\test-classes;C:\Users\joso9\Desktop\SnapCloud\demo\target\classes;C:\Users\joso9\.m2\repository\junit\junit\4.13.2\junit-4.13.2.jar;C:\Users\joso9\.m2\repository\org\hamcrest\hamcrest-core\1.3\hamcrest-core-1.3.jar;C:\Users\joso9\.m2\repository\software\amazon\awssdk\dynamodb\2.20.35\dynamodb-2.20.35.jar;C:\Users\joso9\.m2\repository\software\amazon\awssdk\aws-json-protocol\2.20.35\aws-json-protocol-2.20.35.jar;C:\Users\joso9\.m2\repository\software\amazon\awssdk\third-party-jackson-core\2.20.35\third-party-jackson-core-2.20.35.jar;C:\Users\joso9\.m2\repository\software\amazon\awssdk\protocol-core\2.20.35\protocol-core-2.20.35.jar;C:\Users\joso9\.m2\repository\software\amazon\awssdk\profiles\2.20.35\profiles-2.20.35.jar;C:\Users\joso9\.m2\repository\software\amazon\awssdk\sdk-core\2.20.35\sdk-core-2.20.35.jar;C:\Users\joso9\.m2\repository\org\slf4j\slf4j-api\1.7.30\slf4j-api-1.7.30.jar;C:\Users\joso9\.m2\repository\org\reactivestreams\reactive-streams\1.0.3\reactive-streams-1.0.3.jar;C:\Users\joso9\.m2\repository\software\amazon\awssdk\auth\2.20.35\auth-2.20.35.jar;C:\Users\joso9\.m2\repository\software\amazon\eventstream\eventstream\1.0.1\eventstream-1.0.1.jar;C:\Users\joso9\.m2\repository\software\amazon\awssdk\http-client-spi\2.20.35\http-client-spi-2.20.35.jar;C:\Users\joso9\.m2\repository\software\amazon\awssdk\regions\2.20.35\regions-2.20.35.jar;C:\Users\joso9\.m2\repository\software\amazon\awssdk\annotations\2.20.35\annotations-2.20.35.jar;C:\Users\joso9\.m2\repository\software\amazon\awssdk\utils\2.20.35\utils-2.20.35.jar;C:\Users\joso9\.m2\repository\software\amazon\awssdk\aws-core\2.20.35\aws-core-2.20.35.jar;C:\Users\joso9\.m2\repository\software\amazon\awssdk\metrics-spi\2.20.35\metrics-spi-2.20.35.jar;C:\Users\joso9\.m2\repository\software\amazon\awssdk\json-utils\2.20.35\json-utils-2.20.35.jar;C:\Users\joso9\.m2\repository\software\amazon\awssdk\endpoints-spi\2.20.35\endpoints-spi-2.20.35.jar;C:\Users\joso9\.m2\repository\software\amazon\awssdk\apache-client\2.20.35\apache-client-2.20.35.jar;C:\Users\joso9\.m2\repository\org\apache\httpcomponents\httpclient\4.5.13\httpclient-4.5.13.jar;C:\Users\joso9\.m2\repository\commons-logging\commons-logging\1.2\commons-logging-1.2.jar;C:\Users\joso9\.m2\repository\org\apache\httpcomponents\httpcore\4.4.13\httpcore-4.4.13.jar;C:\Users\joso9\.m2\repository\commons-codec\commons-codec\1.15\commons-codec-1.15.jar;C:\Users\joso9\.m2\repository\software\amazon\awssdk\netty-nio-client\2.20.35\netty-nio-client-2.20.35.jar;C:\Users\joso9\.m2\repository\io\netty\netty-codec-http\4.1.86.Final\netty-codec-http-4.1.86.Final.jar;C:\Users\joso9\.m2\repository\io\netty\netty-codec-http2\4.1.86.Final\netty-codec-http2-4.1.86.Final.jar;C:\Users\joso9\.m2\repository\io\netty\netty-codec\4.1.86.Final\netty-codec-4.1.86.Final.jar;C:\Users\joso9\.m2\repository\io\netty\netty-transport\4.1.86.Final\netty-transport-4.1.86.Final.jar;C:\Users\joso9\.m2\repository\io\netty\netty-resolver\4.1.86.Final\netty-resolver-4.1.86.Final.jar;C:\Users\joso9\.m2\repository\io\netty\netty-common\4.1.86.Final\netty-common-4.1.86.Final.jar;C:\Users\joso9\.m2\repository\io\netty\netty-buffer\4.1.86.Final\netty-buffer-4.1.86.Final.jar;C:\Users\joso9\.m2\repository\io\netty\netty-handler\4.1.86.Final\netty-handler-4.1.86.Final.jar;C:\Users\joso9\.m2\repository\io\netty\netty-transport-native-unix-common\4.1.86.Final\netty-transport-native-unix-common-4.1.86.Final.jar;C:\Users\joso9\.m2\repository\io\netty\netty-transport-classes-epoll\4.1.86.Final\netty-transport-classes-epoll-4.1.86.Final.jar;C:\Users\joso9\.m2\repository\com\amazonaws\aws-lambda-java-core\1.2.3\aws-lambda-java-core-1.2.3.jar;C:\Users\joso9\.m2\repository\com\amazonaws\aws-lambda-java-events\3.11.0\aws-lambda-java-events-3.11.0.jar;C:\Users\joso9\.m2\repository\joda-time\joda-time\2.6\joda-time-2.6.jar;C:\Users\joso9\.m2\repository\com\amazonaws\aws-lambda-java-log4j2\1.5.0\aws-lambda-java-log4j2-1.5.0.jar;C:\Users\joso9\.m2\repository\org\apache\logging\log4j\log4j-core\2.17.0\log4j-core-2.17.0.jar;C:\Users\joso9\.m2\repository\org\apache\logging\log4j\log4j-api\2.17.0\log4j-api-2.17.0.jar;C:\Users\joso9\.m2\repository\com\google\code\gson\gson\2.10.1\gson-2.10.1.jar;"/>
    <property name="sun.cpu.endian" value="little"/>
    <property name="user.home" value="C:\Users\joso9"/>
    <property name="user.language" value="ko"/>
    <property name="java.specification.vendor" value="Oracle Corporation"/>
    <property name="java.version.date" value="2025-07-15"/>
    <property name="java.home" value="C:\Program Files\Amazon Corretto\jdk11.0.28_6"/>
    <property name="file.separator" value="\"/>
    <property name="basedir" value="C:\Users\joso9\Desktop\SnapCloud\demo"/>
    <property name="java.vm.compressedOopsMode" value="Zero based"/>
    <property name="line.separator" value="&#10;"/>
    <property name="java.specification.name" value="Java Platform API Specification"/>
    <property name="java.vm.specification.vendor" value="Oracle Corporation"/>
    <property name="java.awt.graphicsenv" value="sun.awt.Win32GraphicsEnvironment"/>
    <property name="surefire.real.class.path" value="C:\Users\joso9\AppData\Local\Temp\surefire5496778027184800345\surefirebooter-20250924232929660_3.jar"/>
    <property name="user.script" value=""/>
    <property name="sun.management.compiler" value="HotSpot 64-Bit Tiered Compilers"/>
    <property name="java.runtime.version" value="11.0.28+6-LTS"/>
    <property name="user.name" value="joso9"/>
    <property name="path.separator" value=";"/>
    <property name="os.version" value="10.0"/>
    <property name="java.runtime.name" value="OpenJDK Runtime Environment"/>
    <property name="file.encoding" value="MS949"/>
    <property name="java.vm.name" value="OpenJDK 64-Bit Server VM"/>
    <property name="java.vendor.version" value="Corretto-11.0.28.6.1"/>
    <property name="localRepository" value="C:\Users\joso9\.m2\repository"/>
    <property name="java.vendor.url.bug" value="https://github.com/corretto/corretto-11/issues/"/>
    <property name="java.io.tmpdir" value="C:\Users\joso9\AppData\Local\Temp\"/>
    <property name="java.version" value="11.0.28"/>
    <property name="user.dir" value="C:\Users\joso9\Desktop\SnapCloud\demo"/>
    <property name="os.arch" value="amd64"/>
    <property name="java.vm.specification.name" value="Java Virtual Machine Specification"/>
    <property name="java.awt.printerjob" value="sun.awt.windows.WPrinterJob"/>
    <property name="sun.os.patch.level" value=""/>
    <property name="java.library.path" value="C:\Program Files\Amazon Corretto\jdk11.0.28_6\bin;C:\WINDOWS\Sun\Java\bin;C:\WINDOWS\system32;C:\WINDOWS;%JAVA_HOME%\bin;C:\Program Files\Amazon Corretto\jdk11.0.28_6\bin;C:\Program Files\Common Files\Oracle\Java\javapath;C:\WINDOWS\system32;C:\WINDOWS;C:\WINDOWS\System32\Wbem;C:\WINDOWS\System32\WindowsPowerShell\v1.0\;C:\WINDOWS\System32\OpenSSH\;C:\Program Files (x86)\NVIDIA Corporation\PhysX\Common;C:\Program Files\NVIDIA Corporation\NVIDIA app\NvDLISR;D:\NODEJS\;C:\Program Files\Amazon\AWSCLIV2\;C:\Users\joso9\Desktop\apache-maven-3.9.11-bin\apache-maven-3.9.11\bin;C:\Users\joso9\AppData\Local\Microsoft\WindowsApps;;C:\Users\joso9\AppData\Local\SOOP;C:\Users\joso9\AppData\Roaming\npm;C:\Users\joso9\AppData\Local\Programs\Microsoft VS Code\bin;c:\Users\joso9\AppData\Roaming\Code\User\globalStorage\github.copilot-chat\debugCommand;."/>
    <property name="java.vm.info" value="mixed mode"/>
    <property name="java.vendor" value="Amazon.com Inc."/>
    <property name="java.vm.version" value="11.0.28+6-LTS"/>
    <property name="java.specification.maintenance.version" value="3"/>
    <property name="sun.io.unicode.encoding" value="UnicodeLittle"/>
    <property name="java.class.version" value="55.0"/>
  </properties>
  <testcase name="shouldAnswerWithTrue" classname="com.example.AppTest" time="0.002"/>
</testsuite>